"../../../../../../Users/esewi/Documents/Staffs Year 2/Advanced 3D Engines and Scripting/Semester 2/Framework/AdvancedSemester2/Content/ArtAssets/CubeMaterial.uasset" 0
"../../../../../../Users/esewi/Documents/Staffs Year 2/Advanced 3D Engines and Scripting/Semester 2/Framework/AdvancedSemester2/Content/ArtAssets/1M_Cube_Chamfer.uasset" 1
"../../../Engine/Content/EngineResources/WhiteSquareTexture.uasset" 2
"../../../../../../Users/esewi/Documents/Staffs Year 2/Advanced 3D Engines and Scripting/Semester 2/Framework/AdvancedSemester2/Content/ArtAssets/M_CustomWidget3DPassThrough.uasset" 3
"../../../../../../Users/esewi/Documents/Staffs Year 2/Advanced 3D Engines and Scripting/Semester 2/Framework/AdvancedSemester2/Content/ArtAssets/M_CustomWidget3DPassThrough_Inst.uasset" 4
"../../../Engine/Content/Animation/DefaultAnimBoneCompressionSettings.uasset" 5
"../../../../../../Users/esewi/Documents/Staffs Year 2/Advanced 3D Engines and Scripting/Semester 2/Framework/AdvancedSemester2/Content/ArtAssets/AlienCharacter/SK_Alien_Skeleton.uasset" 6
"../../../../../../Users/esewi/Documents/Staffs Year 2/Advanced 3D Engines and Scripting/Semester 2/Framework/AdvancedSemester2/Content/ArtAssets/AlienCharacter/Animations/Rifle_Idle.uasset" 7
"../../../../../../Users/esewi/Documents/Staffs Year 2/Advanced 3D Engines and Scripting/Semester 2/Framework/AdvancedSemester2/Content/ArtAssets/AlienCharacter/Animations/Run_Backward.uasset" 8
"../../../../../../Users/esewi/Documents/Staffs Year 2/Advanced 3D Engines and Scripting/Semester 2/Framework/AdvancedSemester2/Content/ArtAssets/AlienCharacter/Animations/Run_Forward.uasset" 9
"../../../../../../Users/esewi/Documents/Staffs Year 2/Advanced 3D Engines and Scripting/Semester 2/Framework/AdvancedSemester2/Content/ArtAssets/AlienCharacter/Animations/Run_Left.uasset" 10
"../../../../../../Users/esewi/Documents/Staffs Year 2/Advanced 3D Engines and Scripting/Semester 2/Framework/AdvancedSemester2/Content/ArtAssets/AlienCharacter/Animations/Run_Right.uasset" 11
"../../../../../../Users/esewi/Documents/Staffs Year 2/Advanced 3D Engines and Scripting/Semester 2/Framework/AdvancedSemester2/Content/ArtAssets/AlienCharacter/Animations/Walk_Backward.uasset" 12
"../../../../../../Users/esewi/Documents/Staffs Year 2/Advanced 3D Engines and Scripting/Semester 2/Framework/AdvancedSemester2/Content/ArtAssets/AlienCharacter/Animations/Walk_Forward.uasset" 13
"../../../../../../Users/esewi/Documents/Staffs Year 2/Advanced 3D Engines and Scripting/Semester 2/Framework/AdvancedSemester2/Content/ArtAssets/AlienCharacter/Animations/Walk_Left.uasset" 14
"../../../../../../Users/esewi/Documents/Staffs Year 2/Advanced 3D Engines and Scripting/Semester 2/Framework/AdvancedSemester2/Content/ArtAssets/AlienCharacter/Animations/Walk_Right.uasset" 15
"../../../../../../Users/esewi/Documents/Staffs Year 2/Advanced 3D Engines and Scripting/Semester 2/Framework/AdvancedSemester2/Content/ArtAssets/AlienCharacter/Animations/WalkRunIdle.uasset" 16
"../../../../../../Users/esewi/Documents/Staffs Year 2/Advanced 3D Engines and Scripting/Semester 2/Framework/AdvancedSemester2/Content/ArtAssets/AlienCharacter/Animations/AlienAnimBP.uasset" 17
"../../../../../../Users/esewi/Documents/Staffs Year 2/Advanced 3D Engines and Scripting/Semester 2/Framework/AdvancedSemester2/Content/ArtAssets/AlienCharacter/Animations/Put_Back_Rifle_Behind_Shoulder.uasset" 18
"../../../../../../Users/esewi/Documents/Staffs Year 2/Advanced 3D Engines and Scripting/Semester 2/Framework/AdvancedSemester2/Content/ArtAssets/AlienCharacter/Animations/Rifle_Pull_Out.uasset" 19
"../../../../../../Users/esewi/Documents/Staffs Year 2/Advanced 3D Engines and Scripting/Semester 2/Framework/AdvancedSemester2/Content/ArtAssets/AlienCharacter/Animations/Montage_ChangeWeap.uasset" 20
"../../../../../../Users/esewi/Documents/Staffs Year 2/Advanced 3D Engines and Scripting/Semester 2/Framework/AdvancedSemester2/Content/ArtAssets/AlienCharacter/Animations/Firing_Rifle.uasset" 21
"../../../../../../Users/esewi/Documents/Staffs Year 2/Advanced 3D Engines and Scripting/Semester 2/Framework/AdvancedSemester2/Content/ArtAssets/AlienCharacter/Animations/Montage_Fire.uasset" 22
"../../../Engine/Content/EditorBlueprintResources/StandardMacros.uasset" 23
"../../../Engine/Content/BasicShapes/BasicShapeMaterial.uasset" 24
"../../../Engine/Content/Functions/Engine_MaterialFunctions01/Opacity/CameraDepthFade.uasset" 25
"../../../Engine/Content/EngineMaterials/T_Default_Material_Grid_M.uasset" 26
"../../../Engine/Content/EngineMaterials/T_Default_Material_Grid_N.uasset" 27
"../../../Engine/Content/EngineMaterials/WorldGridMaterial.uasset" 28
"../../../Engine/Content/BasicShapes/Cube.uasset" 29
"../../../../../../Users/esewi/Documents/Staffs Year 2/Advanced 3D Engines and Scripting/Semester 2/Framework/AdvancedSemester2/Content/Framework_Blueprints/Pickups/BasePickup.uasset" 30
"../../../../../../Users/esewi/Documents/Staffs Year 2/Advanced 3D Engines and Scripting/Semester 2/Framework/AdvancedSemester2/Content/ArtAssets/Projectile1.uasset" 31
"../../../../../../Users/esewi/Documents/Staffs Year 2/Advanced 3D Engines and Scripting/Semester 2/Framework/AdvancedSemester2/Content/ArtAssets/BaseMaterial.uasset" 32
"../../../../../../Users/esewi/Documents/Staffs Year 2/Advanced 3D Engines and Scripting/Semester 2/Framework/AdvancedSemester2/Content/ArtAssets/OrangeMaterial.uasset" 33
"../../../../../../Users/esewi/Documents/Staffs Year 2/Advanced 3D Engines and Scripting/Semester 2/Framework/AdvancedSemester2/Content/ArtAssets/TwinStickProjectile.uasset" 34
"../../../../../../Users/esewi/Documents/Staffs Year 2/Advanced 3D Engines and Scripting/Semester 2/Framework/AdvancedSemester2/Content/Framework_Blueprints/Projectiles/BaseProjectile.uasset" 35
"../../../../../../Users/esewi/Documents/Staffs Year 2/Advanced 3D Engines and Scripting/Semester 2/Framework/AdvancedSemester2/Content/Student/Blueprint/Interfaces/BPI_Weapon.uasset" 36
"../../../../../../Users/esewi/Documents/Staffs Year 2/Advanced 3D Engines and Scripting/Semester 2/Framework/AdvancedSemester2/Content/Audio/TwinStickFire.uasset" 37
"../../../../../../Users/esewi/Documents/Staffs Year 2/Advanced 3D Engines and Scripting/Semester 2/Framework/AdvancedSemester2/Content/Framework_Blueprints/Weapons/Weapon_Base.uasset" 38
"../../../../../../Users/esewi/Documents/Staffs Year 2/Advanced 3D Engines and Scripting/Semester 2/Framework/AdvancedSemester2/Content/Framework_Blueprints/I_CharacterInteraction.uasset" 39
"../../../../../../Users/esewi/Documents/Staffs Year 2/Advanced 3D Engines and Scripting/Semester 2/Framework/AdvancedSemester2/Content/Student/Blueprint/Gameplay/Characters/Interfaces/BPI_Hurtable.uasset" 40
"../../../../../../Users/esewi/Documents/Staffs Year 2/Advanced 3D Engines and Scripting/Semester 2/Framework/AdvancedSemester2/Content/Student/Blueprint/Data/E_Teams.uasset" 41
"../../../../../../Users/esewi/Documents/Staffs Year 2/Advanced 3D Engines and Scripting/Semester 2/Framework/AdvancedSemester2/Content/Student/Blueprint/Interfaces/BPI_TeamData.uasset" 42
"../../../../../../Users/esewi/Documents/Staffs Year 2/Advanced 3D Engines and Scripting/Semester 2/Framework/AdvancedSemester2/Content/Student/Blueprint/Gameplay/Weapons/BP_TeamProjectile.uasset" 43
"../../../../../../Users/esewi/Documents/Staffs Year 2/Advanced 3D Engines and Scripting/Semester 2/Framework/AdvancedSemester2/Content/ArtAssets/TestColour1.uasset" 44
"../../../../../../Users/esewi/Documents/Staffs Year 2/Advanced 3D Engines and Scripting/Semester 2/Framework/AdvancedSemester2/Content/Framework_Blueprints/Weapons/Weapon_Pistol.uasset" 45
"../../../../../../Users/esewi/Documents/Staffs Year 2/Advanced 3D Engines and Scripting/Semester 2/Framework/AdvancedSemester2/Content/Student/Blueprint/Controllers/BP_CameraManager.uasset" 46
"../../../../../../Users/esewi/Documents/Staffs Year 2/Advanced 3D Engines and Scripting/Semester 2/Framework/AdvancedSemester2/Content/Student/Blueprint/Gameplay/Characters/Interfaces/BPI_CharacterActions.uasset" 47
"../../../../../../Users/esewi/Documents/Staffs Year 2/Advanced 3D Engines and Scripting/Semester 2/Framework/AdvancedSemester2/Content/Student/Blueprint/Data/E_GameModes.uasset" 48
"../../../../../../Users/esewi/Documents/Staffs Year 2/Advanced 3D Engines and Scripting/Semester 2/Framework/AdvancedSemester2/Content/Student/Blueprint/Interfaces/BPI_MainMenu.uasset" 49
"../../../../../../Users/esewi/Documents/Staffs Year 2/Advanced 3D Engines and Scripting/Semester 2/Framework/AdvancedSemester2/Content/Student/Blueprint/Interfaces/BPI_WidgetButtonControl.uasset" 50
"../../../../../../Users/esewi/Documents/Staffs Year 2/Advanced 3D Engines and Scripting/Semester 2/Framework/AdvancedSemester2/Content/Student/Blueprint/Controllers/PC_PlayerCharacter.uasset" 51
"../../../../../../Users/esewi/Documents/Staffs Year 2/Advanced 3D Engines and Scripting/Semester 2/Framework/AdvancedSemester2/Content/Student/Blueprint/Gameplay/Characters/Interfaces/BPI_Scoreable.uasset" 52
"../../../../../../Users/esewi/Documents/Staffs Year 2/Advanced 3D Engines and Scripting/Semester 2/Framework/AdvancedSemester2/Content/Student/Blueprint/Interfaces/BPI_Interact.uasset" 53
"../../../../../../Users/esewi/Documents/Staffs Year 2/Advanced 3D Engines and Scripting/Semester 2/Framework/AdvancedSemester2/Content/Student/Blueprint/Widgets/Interfaces/BPI_PlayerWidget.uasset" 54
"../../../../../../Users/esewi/Documents/Staffs Year 2/Advanced 3D Engines and Scripting/Semester 2/Framework/AdvancedSemester2/Content/Framework_Blueprints/Projectiles/BaseProjectile_Child.uasset" 55
"../../../../../../Users/esewi/Documents/Staffs Year 2/Advanced 3D Engines and Scripting/Semester 2/Framework/AdvancedSemester2/Content/ArtAssets/TestColour2.uasset" 56
"../../../../../../Users/esewi/Documents/Staffs Year 2/Advanced 3D Engines and Scripting/Semester 2/Framework/AdvancedSemester2/Content/Audio/FireRifle.uasset" 57
"../../../../../../Users/esewi/Documents/Staffs Year 2/Advanced 3D Engines and Scripting/Semester 2/Framework/AdvancedSemester2/Content/Framework_Blueprints/Weapons/Weapon_Rifle.uasset" 58
"../../../../../../Users/esewi/Documents/Staffs Year 2/Advanced 3D Engines and Scripting/Semester 2/Framework/AdvancedSemester2/Content/Framework_Blueprints/UI/Textures/NewTextureRenderTarget2D.uasset" 59
"../../../../../../Users/esewi/Documents/Staffs Year 2/Advanced 3D Engines and Scripting/Semester 2/Framework/AdvancedSemester2/Content/Framework_Blueprints/UI/WeaponDisplayer.uasset" 60
"../../../../../../Users/esewi/Documents/Staffs Year 2/Advanced 3D Engines and Scripting/Semester 2/Framework/AdvancedSemester2/Content/Framework_Blueprints/UI/Fonts/gomarice_round_pop.uasset" 61
"../../../../../../Users/esewi/Documents/Staffs Year 2/Advanced 3D Engines and Scripting/Semester 2/Framework/AdvancedSemester2/Content/Framework_Blueprints/UI/Fonts/gomarice_round_pop_Font.uasset" 62
"../../../../../../Users/esewi/Documents/Staffs Year 2/Advanced 3D Engines and Scripting/Semester 2/Framework/AdvancedSemester2/Content/Student/Assets/Fonts/Gamer.uasset" 63
"../../../../../../Users/esewi/Documents/Staffs Year 2/Advanced 3D Engines and Scripting/Semester 2/Framework/AdvancedSemester2/Content/Student/Assets/Fonts/Gamer_Font.uasset" 64
"../../../../../../Users/esewi/Documents/Staffs Year 2/Advanced 3D Engines and Scripting/Semester 2/Framework/AdvancedSemester2/Content/Framework_Blueprints/UI/Textures/NewTextureRenderTarget2D_Mat.uasset" 65
"../../../../../../Users/esewi/Documents/Staffs Year 2/Advanced 3D Engines and Scripting/Semester 2/Framework/AdvancedSemester2/Content/Framework_Blueprints/UI/CustomSpacer.uasset" 66
"../../../../../../Users/esewi/Documents/Staffs Year 2/Advanced 3D Engines and Scripting/Semester 2/Framework/AdvancedSemester2/Content/Framework_Blueprints/UI/Textures/HealthSegment.uasset" 67
"../../../../../../Users/esewi/Documents/Staffs Year 2/Advanced 3D Engines and Scripting/Semester 2/Framework/AdvancedSemester2/Content/Framework_Blueprints/UI/HealthBarSegment.uasset" 68
"../../../../../../Users/esewi/Documents/Staffs Year 2/Advanced 3D Engines and Scripting/Semester 2/Framework/AdvancedSemester2/Content/Student/Assets/Images/Interact.uasset" 69
"../../../../../../Users/esewi/Documents/Staffs Year 2/Advanced 3D Engines and Scripting/Semester 2/Framework/AdvancedSemester2/Content/Student/Assets/Textures/DashIcon.uasset" 70
"../../../../../../Users/esewi/Documents/Staffs Year 2/Advanced 3D Engines and Scripting/Semester 2/Framework/AdvancedSemester2/Content/Student/Blueprint/Widgets/BPW_PlayerDIsplay.uasset" 71
"../../../../../../Users/esewi/Documents/Staffs Year 2/Advanced 3D Engines and Scripting/Semester 2/Framework/AdvancedSemester2/Content/Student/Blueprint/Controllers/PC_ArenaController.uasset" 72
"../../../../../../Users/esewi/Documents/Staffs Year 2/Advanced 3D Engines and Scripting/Semester 2/Framework/AdvancedSemester2/Content/Student/Blueprint/Gameplay/Camera/BP_CameraZoneTrigger.uasset" 73
"../../../../../../Users/esewi/Documents/Staffs Year 2/Advanced 3D Engines and Scripting/Semester 2/Framework/AdvancedSemester2/Content/Student/Blueprint/Gameplay/Characters/Interfaces/BPI_CharacterData.uasset" 74
"../../../../../../Users/esewi/Documents/Staffs Year 2/Advanced 3D Engines and Scripting/Semester 2/Framework/AdvancedSemester2/Content/Student/Blueprint/Gameplay/Camera/E_CameraModes.uasset" 75
"../../../../../../Users/esewi/Documents/Staffs Year 2/Advanced 3D Engines and Scripting/Semester 2/Framework/AdvancedSemester2/Content/Student/Blueprint/Gameplay/Camera/S_CameraSettings.uasset" 76
"../../../../../../Users/esewi/Documents/Staffs Year 2/Advanced 3D Engines and Scripting/Semester 2/Framework/AdvancedSemester2/Content/Student/Blueprint/Gameplay/Camera/BP_MultiplayerCamera.uasset" 77
"../../../../../../Users/esewi/Documents/Staffs Year 2/Advanced 3D Engines and Scripting/Semester 2/Framework/AdvancedSemester2/Content/Student/Assets/Materials/M_ArenaLight.uasset" 78
"../../../../../../Users/esewi/Documents/Staffs Year 2/Advanced 3D Engines and Scripting/Semester 2/Framework/AdvancedSemester2/Content/Student/Blueprint/Gameplay/Weapons/BP_TeamPistol.uasset" 79
"../../../../../../Users/esewi/Documents/Staffs Year 2/Advanced 3D Engines and Scripting/Semester 2/Framework/AdvancedSemester2/Content/Student/Blueprint/Gameplay/ZombieSurvival/AI/Data/E_ZombieStates.uasset" 80
"../../../../../../Users/esewi/Documents/Staffs Year 2/Advanced 3D Engines and Scripting/Semester 2/Framework/AdvancedSemester2/Content/Student/Blueprint/Gameplay/ZombieSurvival/AI/BB_Zombie.uasset" 81
"../../../../../../Users/esewi/Documents/Staffs Year 2/Advanced 3D Engines and Scripting/Semester 2/Framework/AdvancedSemester2/Content/Student/Blueprint/Gameplay/ZombieSurvival/AI/Data/S_ZombieData.uasset" 82
"../../../../../../Users/esewi/Documents/Staffs Year 2/Advanced 3D Engines and Scripting/Semester 2/Framework/AdvancedSemester2/Content/Student/Blueprint/Gameplay/Characters/Interfaces/BPI_Zombie.uasset" 83
"../../../../../../Users/esewi/Documents/Staffs Year 2/Advanced 3D Engines and Scripting/Semester 2/Framework/AdvancedSemester2/Content/Student/Blueprint/Gameplay/ZombieSurvival/AI/Services/BTS_Attack.uasset" 84
"../../../../../../Users/esewi/Documents/Staffs Year 2/Advanced 3D Engines and Scripting/Semester 2/Framework/AdvancedSemester2/Content/Student/Blueprint/Gameplay/ZombieSurvival/AI/Services/BTS_Chase.uasset" 85
"../../../../../../Users/esewi/Documents/Staffs Year 2/Advanced 3D Engines and Scripting/Semester 2/Framework/AdvancedSemester2/Content/Student/Blueprint/Gameplay/ZombieSurvival/AI/Services/BTS_UpdateZombieState.uasset" 86
"../../../../../../Users/esewi/Documents/Staffs Year 2/Advanced 3D Engines and Scripting/Semester 2/Framework/AdvancedSemester2/Content/Student/Blueprint/Gameplay/ZombieSurvival/AI/Tasks/BTT_AIMoveTo.uasset" 87
"../../../../../../Users/esewi/Documents/Staffs Year 2/Advanced 3D Engines and Scripting/Semester 2/Framework/AdvancedSemester2/Content/Student/Blueprint/Gameplay/ZombieSurvival/AI/Tasks/BTT_FIndRandPoint.uasset" 88
"../../../../../../Users/esewi/Documents/Staffs Year 2/Advanced 3D Engines and Scripting/Semester 2/Framework/AdvancedSemester2/Content/Student/Blueprint/Gameplay/ZombieSurvival/AI/BT_Zombie.uasset" 89
"../../../../../../Users/esewi/Documents/Staffs Year 2/Advanced 3D Engines and Scripting/Semester 2/Framework/AdvancedSemester2/Content/Student/Assets/Models/Zombie_Idle_Skeleton.uasset" 90
"../../../../../../Users/esewi/Documents/Staffs Year 2/Advanced 3D Engines and Scripting/Semester 2/Framework/AdvancedSemester2/Content/Student/Assets/Animation/Zombie/Zombie_Attack.uasset" 91
"../../../../../../Users/esewi/Documents/Staffs Year 2/Advanced 3D Engines and Scripting/Semester 2/Framework/AdvancedSemester2/Content/Student/Blueprint/Animation/Notifiers/AN_Dead.uasset" 92
"../../../../../../Users/esewi/Documents/Staffs Year 2/Advanced 3D Engines and Scripting/Semester 2/Framework/AdvancedSemester2/Content/Student/Assets/Animation/Zombie/Zombie_Death.uasset" 93
"../../../../../../Users/esewi/Documents/Staffs Year 2/Advanced 3D Engines and Scripting/Semester 2/Framework/AdvancedSemester2/Content/Student/Assets/Animation/Zombie/Zombie_Idle_Anim.uasset" 94
"../../../../../../Users/esewi/Documents/Staffs Year 2/Advanced 3D Engines and Scripting/Semester 2/Framework/AdvancedSemester2/Content/Student/Assets/Animation/Zombie/Zombie_Running.uasset" 95
"../../../../../../Users/esewi/Documents/Staffs Year 2/Advanced 3D Engines and Scripting/Semester 2/Framework/AdvancedSemester2/Content/Student/Blueprint/Interfaces/BPI_CharAnimData.uasset" 96
"../../../../../../Users/esewi/Documents/Staffs Year 2/Advanced 3D Engines and Scripting/Semester 2/Framework/AdvancedSemester2/Content/Student/Blueprint/Animation/ABP_Zombie.uasset" 97
"../../../../../../Users/esewi/Documents/Staffs Year 2/Advanced 3D Engines and Scripting/Semester 2/Framework/AdvancedSemester2/Content/Student/Blueprint/Animation/Notifiers/AN_AttackBegin.uasset" 98
"../../../../../../Users/esewi/Documents/Staffs Year 2/Advanced 3D Engines and Scripting/Semester 2/Framework/AdvancedSemester2/Content/Student/Blueprint/Animation/Notifiers/AN_AttackEnd.uasset" 99
"../../../../../../Users/esewi/Documents/Staffs Year 2/Advanced 3D Engines and Scripting/Semester 2/Framework/AdvancedSemester2/Content/Student/Blueprint/Animation/Notifiers/AN_ZombieAttackContact.uasset" 100
"../../../../../../Users/esewi/Documents/Staffs Year 2/Advanced 3D Engines and Scripting/Semester 2/Framework/AdvancedSemester2/Content/Student/Assets/Animation/Zombie/M_ZombieAttack.uasset" 101
"../../../../../../Users/esewi/Documents/Staffs Year 2/Advanced 3D Engines and Scripting/Semester 2/Framework/AdvancedSemester2/Content/Student/Assets/Animation/Zombie/M_ZombieDeath.uasset" 102
"../../../../../../Users/esewi/Documents/Staffs Year 2/Advanced 3D Engines and Scripting/Semester 2/Framework/AdvancedSemester2/Content/Student/Blueprint/Interfaces/BPI_ZombieSurvival.uasset" 103
"../../../../../../Users/esewi/Documents/Staffs Year 2/Advanced 3D Engines and Scripting/Semester 2/Framework/AdvancedSemester2/Content/Student/Assets/Textures/Zombie_diffuse.uasset" 104
"../../../../../../Users/esewi/Documents/Staffs Year 2/Advanced 3D Engines and Scripting/Semester 2/Framework/AdvancedSemester2/Content/Student/Assets/Textures/Zombie_normal.uasset" 105
"../../../../../../Users/esewi/Documents/Staffs Year 2/Advanced 3D Engines and Scripting/Semester 2/Framework/AdvancedSemester2/Content/Student/Assets/Textures/Zombie_specular.uasset" 106
"../../../../../../Users/esewi/Documents/Staffs Year 2/Advanced 3D Engines and Scripting/Semester 2/Framework/AdvancedSemester2/Content/Student/Assets/Materials/Zombie_COL.uasset" 107
"../../../../../../Users/esewi/Documents/Staffs Year 2/Advanced 3D Engines and Scripting/Semester 2/Framework/AdvancedSemester2/Content/Student/Assets/Materials/ZombieHurt_COL.uasset" 108
"../../../../../../Users/esewi/Documents/Staffs Year 2/Advanced 3D Engines and Scripting/Semester 2/Framework/AdvancedSemester2/Content/Student/Assets/Animation/Zombie/Zombie_Idle_PhysicsAsset.uasset" 109
"../../../../../../Users/esewi/Documents/Staffs Year 2/Advanced 3D Engines and Scripting/Semester 2/Framework/AdvancedSemester2/Content/Student/Assets/Models/Zombie_Idle.uasset" 110
"../../../../../../Users/esewi/Documents/Staffs Year 2/Advanced 3D Engines and Scripting/Semester 2/Framework/AdvancedSemester2/Content/Student/Assets/SFX/HurtSFX/CharacterHurtSFX.uasset" 111
"../../../../../../Users/esewi/Documents/Staffs Year 2/Advanced 3D Engines and Scripting/Semester 2/Framework/AdvancedSemester2/Content/Student/Assets/SFX/HurtSFX/CharacterHurtSFX_2.uasset" 112
"../../../../../../Users/esewi/Documents/Staffs Year 2/Advanced 3D Engines and Scripting/Semester 2/Framework/AdvancedSemester2/Content/Student/Assets/SFX/HurtSFX/CharacterHurtSFX_3.uasset" 113
"../../../../../../Users/esewi/Documents/Staffs Year 2/Advanced 3D Engines and Scripting/Semester 2/Framework/AdvancedSemester2/Content/Student/Assets/SFX/HurtSFX/CharacterHurtSFX_4.uasset" 114
"../../../../../../Users/esewi/Documents/Staffs Year 2/Advanced 3D Engines and Scripting/Semester 2/Framework/AdvancedSemester2/Content/Student/Blueprint/Gameplay/Characters/BP_Zombie.uasset" 115
"../../../../../../Users/esewi/Documents/Staffs Year 2/Advanced 3D Engines and Scripting/Semester 2/Framework/AdvancedSemester2/Content/Student/Blueprint/Controllers/AIC_ZombieController.uasset" 116
"../../../../../../Users/esewi/Documents/Staffs Year 2/Advanced 3D Engines and Scripting/Semester 2/Framework/AdvancedSemester2/Content/Student/Blueprint/Interfaces/BPI_Init.uasset" 117
"../../../../../../Users/esewi/Documents/Staffs Year 2/Advanced 3D Engines and Scripting/Semester 2/Framework/AdvancedSemester2/Content/Student/Blueprint/Spawning/S_WaveData.uasset" 118
"../../../../../../Users/esewi/Documents/Staffs Year 2/Advanced 3D Engines and Scripting/Semester 2/Framework/AdvancedSemester2/Content/Student/Blueprint/Spawning/S_Waves.uasset" 119
"../../../../../../Users/esewi/Documents/Staffs Year 2/Advanced 3D Engines and Scripting/Semester 2/Framework/AdvancedSemester2/Content/Student/Blueprint/Spawning/DT_ZombieSpawner.uasset" 120
"../../../../../../Users/esewi/Documents/Staffs Year 2/Advanced 3D Engines and Scripting/Semester 2/Framework/AdvancedSemester2/Content/Student/Blueprint/Data/E_GameStates.uasset" 121
"../../../../../../Users/esewi/Documents/Staffs Year 2/Advanced 3D Engines and Scripting/Semester 2/Framework/AdvancedSemester2/Content/Student/Blueprint/Data/S_ControllerMap.uasset" 122
"../../../../../../Users/esewi/Documents/Staffs Year 2/Advanced 3D Engines and Scripting/Semester 2/Framework/AdvancedSemester2/Content/Student/Blueprint/Data/S_SetUpData.uasset" 123
"../../../../../../Users/esewi/Documents/Staffs Year 2/Advanced 3D Engines and Scripting/Semester 2/Framework/AdvancedSemester2/Content/Student/Blueprint/Spawning/E_WaveState.uasset" 124
"../../../../../../Users/esewi/Documents/Staffs Year 2/Advanced 3D Engines and Scripting/Semester 2/Framework/AdvancedSemester2/Content/Student/Blueprint/Widgets/BPW_WaveTimer.uasset" 125
"../../../../../../Users/esewi/Documents/Staffs Year 2/Advanced 3D Engines and Scripting/Semester 2/Framework/AdvancedSemester2/Content/Student/Blueprint/Spawning/BP_WaveManager.uasset" 126
"../../../Engine/Content/Functions/Engine_MaterialFunctions01/Gradient/LinearGradient.uasset" 127
"../../../Engine/Content/Functions/Engine_MaterialFunctions01/ImageAdjustment/CheapContrast.uasset" 128
"../../../Engine/Content/EngineMaterials/DefaultDiffuse.uasset" 129
"../../../Engine/Content/Functions/Engine_MaterialFunctions01/Texturing/WorldAlignedTexture.uasset" 130
"../../../../../../Users/esewi/Documents/Staffs Year 2/Advanced 3D Engines and Scripting/Semester 2/Framework/AdvancedSemester2/Content/Materials/Textures/T_Grid.uasset" 131
"../../../../../../Users/esewi/Documents/Staffs Year 2/Advanced 3D Engines and Scripting/Semester 2/Framework/AdvancedSemester2/Content/Materials/M_Grid.uasset" 132
"../../../../../../Users/esewi/Documents/Staffs Year 2/Advanced 3D Engines and Scripting/Semester 2/Framework/AdvancedSemester2/Content/Materials/MI_ObstacleGrid.uasset" 133
"../../../../../../Users/esewi/Documents/Staffs Year 2/Advanced 3D Engines and Scripting/Semester 2/Framework/AdvancedSemester2/Content/Student/Assets/SFX/CashSFX.uasset" 134
"../../../../../../Users/esewi/Documents/Staffs Year 2/Advanced 3D Engines and Scripting/Semester 2/Framework/AdvancedSemester2/Content/Student/Blueprint/Gameplay/ZombieSurvival/BP_ZombieSpawner.uasset" 135
"../../../../../../Users/esewi/Documents/Staffs Year 2/Advanced 3D Engines and Scripting/Semester 2/Framework/AdvancedSemester2/Content/Student/Blueprint/Data/S_PlayerData.uasset" 136
"../../../../../../Users/esewi/Documents/Staffs Year 2/Advanced 3D Engines and Scripting/Semester 2/Framework/AdvancedSemester2/Content/Student/Blueprint/Interfaces/BPI_GameData.uasset" 137
"../../../../../../Users/esewi/Documents/Staffs Year 2/Advanced 3D Engines and Scripting/Semester 2/Framework/AdvancedSemester2/Content/Student/Blueprint/Spawning/BP_PlayerSpawner.uasset" 138
"../../../../../../Users/esewi/Documents/Staffs Year 2/Advanced 3D Engines and Scripting/Semester 2/Framework/AdvancedSemester2/Content/Student/Blueprint/Widgets/BPW_GameOver.uasset" 139
"../../../../../../Users/esewi/Documents/Staffs Year 2/Advanced 3D Engines and Scripting/Semester 2/Framework/AdvancedSemester2/Content/Student/Blueprint/Widgets/BPW_GameStartCountDOwn.uasset" 140
"../../../../../../Users/esewi/Documents/Staffs Year 2/Advanced 3D Engines and Scripting/Semester 2/Framework/AdvancedSemester2/Content/Student/Blueprint/GameModes/GM_ZombieSurvial.uasset" 141
"../../../../../../Users/esewi/Documents/Staffs Year 2/Advanced 3D Engines and Scripting/Semester 2/Framework/AdvancedSemester2/Content/Student/Assets/Materials/M_ClaimLight.uasset" 142
"../../../Engine/Content/EngineMaterials/DefaultMaterial.uasset" 143
"../../../Engine/Content/BasicShapes/Cylinder.uasset" 144
"../../../../../../Users/esewi/Documents/Staffs Year 2/Advanced 3D Engines and Scripting/Semester 2/Framework/AdvancedSemester2/Content/Student/Blueprint/Data/E_CaptureState.uasset" 145
"../../../../../../Users/esewi/Documents/Staffs Year 2/Advanced 3D Engines and Scripting/Semester 2/Framework/AdvancedSemester2/Content/Student/Blueprint/Gameplay/KTH/BP_CaptureZone.uasset" 146
"../../../../../../Users/esewi/Documents/Staffs Year 2/Advanced 3D Engines and Scripting/Semester 2/Framework/AdvancedSemester2/Content/ArtAssets/TestColour3.uasset" 147
"../../../../../../Users/esewi/Documents/Staffs Year 2/Advanced 3D Engines and Scripting/Semester 2/Framework/AdvancedSemester2/Content/Student/Blueprint/Gameplay/Weapons/BP_BoomStick.uasset" 148
"../../../../../../Users/esewi/Documents/Staffs Year 2/Advanced 3D Engines and Scripting/Semester 2/Framework/AdvancedSemester2/Content/Student/Assets/Materials/Green.uasset" 149
"../../../../../../Users/esewi/Documents/Staffs Year 2/Advanced 3D Engines and Scripting/Semester 2/Framework/AdvancedSemester2/Content/Student/Assets/Materials/Red.uasset" 150
"../../../../../../Users/esewi/Documents/Staffs Year 2/Advanced 3D Engines and Scripting/Semester 2/Framework/AdvancedSemester2/Content/Student/Blueprint/Gameplay/Weapons/BP_FastShot.uasset" 151
"../../../../../../Users/esewi/Documents/Staffs Year 2/Advanced 3D Engines and Scripting/Semester 2/Framework/AdvancedSemester2/Content/Student/Blueprint/Gameplay/Weapons/BP_Trident.uasset" 152
"../../../../../../Users/esewi/Documents/Staffs Year 2/Advanced 3D Engines and Scripting/Semester 2/Framework/AdvancedSemester2/Content/Student/Blueprint/Gameplay/RandomWeaponSpawner.uasset" 153
"../../../../../../Users/esewi/Documents/Staffs Year 2/Advanced 3D Engines and Scripting/Semester 2/Framework/AdvancedSemester2/Content/Student/Blueprint/Widgets/BPW_GameTimer.uasset" 154
"../../../../../../Users/esewi/Documents/Staffs Year 2/Advanced 3D Engines and Scripting/Semester 2/Framework/AdvancedSemester2/Content/Student/Blueprint/GameModes/GM_KingOfTheHill.uasset" 155
"../../../../../../Users/esewi/Documents/Staffs Year 2/Advanced 3D Engines and Scripting/Semester 2/Framework/AdvancedSemester2/Content/ArtAssets/AlienCharacter/T_Alien_ArmourMask.uasset" 156
"../../../../../../Users/esewi/Documents/Staffs Year 2/Advanced 3D Engines and Scripting/Semester 2/Framework/AdvancedSemester2/Content/ArtAssets/AlienCharacter/T_Alien_Diffuse.uasset" 157
"../../../../../../Users/esewi/Documents/Staffs Year 2/Advanced 3D Engines and Scripting/Semester 2/Framework/AdvancedSemester2/Content/ArtAssets/AlienCharacter/T_Alien_Diffuse_DeSat.uasset" 158
"../../../../../../Users/esewi/Documents/Staffs Year 2/Advanced 3D Engines and Scripting/Semester 2/Framework/AdvancedSemester2/Content/ArtAssets/AlienCharacter/T_Alien_Emissive.uasset" 159
"../../../../../../Users/esewi/Documents/Staffs Year 2/Advanced 3D Engines and Scripting/Semester 2/Framework/AdvancedSemester2/Content/ArtAssets/AlienCharacter/T_Alien_Glossiness.uasset" 160
"../../../../../../Users/esewi/Documents/Staffs Year 2/Advanced 3D Engines and Scripting/Semester 2/Framework/AdvancedSemester2/Content/ArtAssets/AlienCharacter/T_Alien_Normal.uasset" 161
"../../../../../../Users/esewi/Documents/Staffs Year 2/Advanced 3D Engines and Scripting/Semester 2/Framework/AdvancedSemester2/Content/ArtAssets/AlienCharacter/T_Alien_Specular.uasset" 162
"../../../../../../Users/esewi/Documents/Staffs Year 2/Advanced 3D Engines and Scripting/Semester 2/Framework/AdvancedSemester2/Content/Student/Assets/Materials/M_AlienHurt.uasset" 163
"../../../../../../Users/esewi/Documents/Staffs Year 2/Advanced 3D Engines and Scripting/Semester 2/Framework/AdvancedSemester2/Content/Student/Assets/SFX/CoinShuffle.uasset" 164
"../../../../../../Users/esewi/Documents/Staffs Year 2/Advanced 3D Engines and Scripting/Semester 2/Framework/AdvancedSemester2/Content/Student/Assets/SFX/Jump_DashSFX.uasset" 165
"../../../../../../Users/esewi/Documents/Staffs Year 2/Advanced 3D Engines and Scripting/Semester 2/Framework/AdvancedSemester2/Content/Student/Assets/SFX/PlayerDeath.uasset" 166
"../../../../../../Users/esewi/Documents/Staffs Year 2/Advanced 3D Engines and Scripting/Semester 2/Framework/AdvancedSemester2/Content/Student/Assets/SFX/ShotgunReloadSFX.uasset" 167
"../../../../../../Users/esewi/Documents/Staffs Year 2/Advanced 3D Engines and Scripting/Semester 2/Framework/AdvancedSemester2/Content/Student/Blueprint/Gameplay/Characters/BP_BaseTeamCharacter.uasset" 168
"../../../../../../Users/esewi/Documents/Staffs Year 2/Advanced 3D Engines and Scripting/Semester 2/Framework/AdvancedSemester2/Content/Student/Blueprint/Interfaces/BPI_GameModeData.uasset" 169
"../../../Engine/Content/EngineFonts/RobotoDistanceField.uasset" 170
"../../../Engine/Content/Functions/Engine_MaterialFunctions02/Math/InverseTransformMatrix.uasset" 171
"../../../Engine/Content/Functions/Engine_MaterialFunctions02/Math/MakeVectorsOrthogonal.uasset" 172
"../../../Engine/Content/Functions/Engine_MaterialFunctions02/Utility/BreakOutFloat3Components.uasset" 173
"../../../Engine/Content/Functions/Engine_MaterialFunctions02/Math/Transform3x3Matrix.uasset" 174
"../../../Engine/Content/Functions/Engine_MaterialFunctions02/Utility/CameraVectorWithWPOOptions.uasset" 175
"../../../Engine/Content/Functions/Engine_MaterialFunctions02/WorldPositionOffset/ComponentPivotLocation.uasset" 176
"../../../Engine/Content/Functions/Engine_MaterialFunctions02/Utility/VectorLength.uasset" 177
"../../../Engine/Content/Functions/Engine_MaterialFunctions02/WorldPositionOffset/ObjectScale.uasset" 178
"../../../Engine/Content/Functions/Engine_MaterialFunctions02/WorldPositionOffset/AlignMeshToTheCamera.uasset" 179
"../../../../../../Users/esewi/Documents/Staffs Year 2/Advanced 3D Engines and Scripting/Semester 2/Framework/AdvancedSemester2/Content/ArtAssets/TextMaterialFaceCamera.uasset" 180
"../../../../../../Users/esewi/Documents/Staffs Year 2/Advanced 3D Engines and Scripting/Semester 2/Framework/AdvancedSemester2/Content/ArtAssets/AlienCharacter/M_AlienBody.uasset" 181
"../../../../../../Users/esewi/Documents/Staffs Year 2/Advanced 3D Engines and Scripting/Semester 2/Framework/AdvancedSemester2/Content/ArtAssets/AlienCharacter/SK_Alien_Physics.uasset" 182
"../../../../../../Users/esewi/Documents/Staffs Year 2/Advanced 3D Engines and Scripting/Semester 2/Framework/AdvancedSemester2/Content/ArtAssets/AlienCharacter/SK_Alien.uasset" 183
"../../../../../../Users/esewi/Documents/Staffs Year 2/Advanced 3D Engines and Scripting/Semester 2/Framework/AdvancedSemester2/Content/Framework_Blueprints/UI/CharacterHealth.uasset" 184
"../../../../../../Users/esewi/Documents/Staffs Year 2/Advanced 3D Engines and Scripting/Semester 2/Framework/AdvancedSemester2/Content/Framework_Blueprints/Characters/BP_BaseCharacter.uasset" 185
"../../../../../../Users/esewi/Documents/Staffs Year 2/Advanced 3D Engines and Scripting/Semester 2/Framework/AdvancedSemester2/Content/Framework_Blueprints/UI/PlayerWeaponUI.uasset" 186
"../../../../../../Users/esewi/Documents/Staffs Year 2/Advanced 3D Engines and Scripting/Semester 2/Framework/AdvancedSemester2/Content/Framework_Blueprints/Characters/BP_PlayerCharacter.uasset" 187
"../../../../../../Users/esewi/Documents/Staffs Year 2/Advanced 3D Engines and Scripting/Semester 2/Framework/AdvancedSemester2/Content/Materials/MI_InteractableGrid.uasset" 188
"../../../../../../Users/esewi/Documents/Staffs Year 2/Advanced 3D Engines and Scripting/Semester 2/Framework/AdvancedSemester2/Content/Splash/EdSplash.uasset" 189
"../../../../../../Users/esewi/Documents/Staffs Year 2/Advanced 3D Engines and Scripting/Semester 2/Framework/AdvancedSemester2/Content/Splash/Splash.uasset" 190
"../../../../../../Users/esewi/Documents/Staffs Year 2/Advanced 3D Engines and Scripting/Semester 2/Framework/AdvancedSemester2/Content/Student/-AssignmentLink-.uasset" 191
"../../../../../../Users/esewi/Documents/Staffs Year 2/Advanced 3D Engines and Scripting/Semester 2/Framework/AdvancedSemester2/Content/Student/Assets/Fonts/Coder_s_Crux.uasset" 192
"../../../../../../Users/esewi/Documents/Staffs Year 2/Advanced 3D Engines and Scripting/Semester 2/Framework/AdvancedSemester2/Content/Student/Assets/Fonts/Coder_s_Crux_Font.uasset" 193
"../../../../../../Users/esewi/Documents/Staffs Year 2/Advanced 3D Engines and Scripting/Semester 2/Framework/AdvancedSemester2/Content/Student/Assets/Fonts/pixelart.uasset" 194
"../../../../../../Users/esewi/Documents/Staffs Year 2/Advanced 3D Engines and Scripting/Semester 2/Framework/AdvancedSemester2/Content/Student/Assets/Fonts/pixelart_Font.uasset" 195
"../../../../../../Users/esewi/Documents/Staffs Year 2/Advanced 3D Engines and Scripting/Semester 2/Framework/AdvancedSemester2/Content/Student/Assets/SFX/pickUpSFX.uasset" 196
"../../../../../../Users/esewi/Documents/Staffs Year 2/Advanced 3D Engines and Scripting/Semester 2/Framework/AdvancedSemester2/Content/Student/Assets/Textures/Boss_Health_Bar.uasset" 197
"../../../../../../Users/esewi/Documents/Staffs Year 2/Advanced 3D Engines and Scripting/Semester 2/Framework/AdvancedSemester2/Content/Student/Assets/Textures/Dash_Icon.uasset" 198
"../../../../../../Users/esewi/Documents/Staffs Year 2/Advanced 3D Engines and Scripting/Semester 2/Framework/AdvancedSemester2/Content/Student/Blueprint/Animation/Notifiers/AN_ZombieAttackContactEnd.uasset" 199
"../../../../../../Users/esewi/Documents/Staffs Year 2/Advanced 3D Engines and Scripting/Semester 2/Framework/AdvancedSemester2/Content/Student/Blueprint/Data/GameData.uasset" 200
"../../../../../../Users/esewi/Documents/Staffs Year 2/Advanced 3D Engines and Scripting/Semester 2/Framework/AdvancedSemester2/Content/Student/Blueprint/Gameplay/BossRush/Boss/E_BossState.uasset" 201
"../../../../../../Users/esewi/Documents/Staffs Year 2/Advanced 3D Engines and Scripting/Semester 2/Framework/AdvancedSemester2/Content/Student/Blueprint/Gameplay/BossRush/Boss/BB_Boss.uasset" 202
"../../../../../../Users/esewi/Documents/Staffs Year 2/Advanced 3D Engines and Scripting/Semester 2/Framework/AdvancedSemester2/Content/Student/Blueprint/Gameplay/BossRush/Boss/BPI_Boss.uasset" 203
"../../../../../../Users/esewi/Documents/Staffs Year 2/Advanced 3D Engines and Scripting/Semester 2/Framework/AdvancedSemester2/Content/Student/Blueprint/Gameplay/BossRush/Boss/Services/BTS_BossAttack.uasset" 204
"../../../../../../Users/esewi/Documents/Staffs Year 2/Advanced 3D Engines and Scripting/Semester 2/Framework/AdvancedSemester2/Content/Student/Blueprint/Gameplay/BossRush/Boss/Services/BTS_BossChase.uasset" 205
"../../../../../../Users/esewi/Documents/Staffs Year 2/Advanced 3D Engines and Scripting/Semester 2/Framework/AdvancedSemester2/Content/Student/Blueprint/Gameplay/BossRush/Boss/Services/BTS_UpdateBoss.uasset" 206
"../../../../../../Users/esewi/Documents/Staffs Year 2/Advanced 3D Engines and Scripting/Semester 2/Framework/AdvancedSemester2/Content/Student/Blueprint/Gameplay/BossRush/Boss/Task/BTT_BossMoveTo.uasset" 207
"../../../../../../Users/esewi/Documents/Staffs Year 2/Advanced 3D Engines and Scripting/Semester 2/Framework/AdvancedSemester2/Content/Student/Blueprint/Gameplay/BossRush/Boss/Task/BTT_BossRandPoint.uasset" 208
"../../../../../../Users/esewi/Documents/Staffs Year 2/Advanced 3D Engines and Scripting/Semester 2/Framework/AdvancedSemester2/Content/Student/Blueprint/Gameplay/BossRush/Boss/BT_Boss.uasset" 209
"../../../../../../Users/esewi/Documents/Staffs Year 2/Advanced 3D Engines and Scripting/Semester 2/Framework/AdvancedSemester2/Content/Student/Blueprint/Controllers/AIC_Boss.uasset" 210
"../../../Engine/Content/Functions/Engine_MaterialFunctions02/Utility/DynamicBranch.uasset" 211
"../../../Engine/Content/Functions/Engine_MaterialFunctions02/ExampleContent/testDynamicbranch.uasset" 212
"../../../../../../Users/esewi/Documents/Staffs Year 2/Advanced 3D Engines and Scripting/Semester 2/Framework/AdvancedSemester2/Content/Student/Assets/Materials/M_BossGlow.uasset" 213
"../../../Engine/Content/BasicShapes/Cone.uasset" 214
"../../../../../../Users/esewi/Documents/Staffs Year 2/Advanced 3D Engines and Scripting/Semester 2/Framework/AdvancedSemester2/Content/Student/Assets/Models/SM_Cyllinder.uasset" 215
"../../../../../../Users/esewi/Documents/Staffs Year 2/Advanced 3D Engines and Scripting/Semester 2/Framework/AdvancedSemester2/Content/Student/Assets/SFX/bossHurt.uasset" 216
"../../../../../../Users/esewi/Documents/Staffs Year 2/Advanced 3D Engines and Scripting/Semester 2/Framework/AdvancedSemester2/Content/Student/Blueprint/Gameplay/BossRush/Boss/E_AttackTypes.uasset" 217
"../../../../../../Users/esewi/Documents/Staffs Year 2/Advanced 3D Engines and Scripting/Semester 2/Framework/AdvancedSemester2/Content/Student/Assets/Textures/BossHighRest_HEalth_bar.uasset" 218
"../../../../../../Users/esewi/Documents/Staffs Year 2/Advanced 3D Engines and Scripting/Semester 2/Framework/AdvancedSemester2/Content/Student/Blueprint/Widgets/BPW_BossHealth.uasset" 219
"../../../../../../Users/esewi/Documents/Staffs Year 2/Advanced 3D Engines and Scripting/Semester 2/Framework/AdvancedSemester2/Content/Student/Blueprint/Gameplay/BossRush/Boss/BP_Boss.uasset" 220
"../../../../../../Users/esewi/Documents/Staffs Year 2/Advanced 3D Engines and Scripting/Semester 2/Framework/AdvancedSemester2/Content/Student/Blueprint/GameModes/GM_BossRush.uasset" 221
"../../../../../../Users/esewi/Documents/Staffs Year 2/Advanced 3D Engines and Scripting/Semester 2/Framework/AdvancedSemester2/Content/Student/Blueprint/Gameplay/BossRush/BP_Boss.uasset" 222
"../../../../../../Users/esewi/Documents/Staffs Year 2/Advanced 3D Engines and Scripting/Semester 2/Framework/AdvancedSemester2/Content/Student/Blueprint/Gameplay/KTH/RandomWeaponSpawner.uasset" 223
"../../../../../../Users/esewi/Documents/Staffs Year 2/Advanced 3D Engines and Scripting/Semester 2/Framework/AdvancedSemester2/Content/ArtAssets/BlueMaterial.uasset" 224
"../../../../../../Users/esewi/Documents/Staffs Year 2/Advanced 3D Engines and Scripting/Semester 2/Framework/AdvancedSemester2/Content/Framework_Blueprints/Pickups/Pickup_Spawner.uasset" 225
"../../../Engine/Content/EditorMeshes/ColorCalibrator/M_GreyBall.uasset" 226
"../../../../../../Users/esewi/Documents/Staffs Year 2/Advanced 3D Engines and Scripting/Semester 2/Framework/AdvancedSemester2/Content/Student/Assets/Materials/M_weaponShop.uasset" 227
"../../../../../../Users/esewi/Documents/Staffs Year 2/Advanced 3D Engines and Scripting/Semester 2/Framework/AdvancedSemester2/Content/Student/Blueprint/Gameplay/BP_PickUpShop.uasset" 228
"../../../../../../Users/esewi/Documents/Staffs Year 2/Advanced 3D Engines and Scripting/Semester 2/Framework/AdvancedSemester2/Content/Student/Blueprint/Gameplay/ZombieSurvival/BP_PickUpShop.uasset" 229
"../../../Engine/Content/Animation/DefaultAnimCurveCompressionSettings.uasset" 230
"../../../Engine/Content/ArtTools/RenderToTexture/Meshes/S_1_Unit_Plane.uasset" 231
"../../../Engine/Content/BasicShapes/Plane.uasset" 232
"../../../Engine/Content/EditorLandscapeResources/DataLayer.uasset" 233
"../../../Engine/Content/EditorMaterials/MAT_Groups_Toggle.uasset" 234
"../../../Engine/Content/EditorMaterials/MAT_Groups_Visibility.uasset" 235
"../../../Engine/Content/EditorMaterials/PreviewShadowIndicator.uasset" 236
"../../../Engine/Content/EditorMaterials/PreviewShadowIndicatorMaterial.uasset" 237
"../../../Engine/Content/EditorMaterials/MatineeGroups/MAT_ColorTrack.uasset" 238
"../../../Engine/Content/EditorMaterials/MatineeGroups/MAT_Groups_Anim.uasset" 239
"../../../Engine/Content/EditorMaterials/MatineeGroups/MAT_Groups_AudioMaster.uasset" 240
"../../../Engine/Content/EditorMaterials/MatineeGroups/MAT_Groups_Director.uasset" 241
"../../../Engine/Content/EditorMaterials/MatineeGroups/MAT_Groups_Event.uasset" 242
"../../../Engine/Content/EditorMaterials/MatineeGroups/MAT_Groups_Fade.uasset" 243
"../../../Engine/Content/EditorMaterials/MatineeGroups/MAT_Groups_Float.uasset" 244
"../../../Engine/Content/EditorMaterials/MatineeGroups/MAT_Groups_Move.uasset" 245
"../../../Engine/Content/EditorMaterials/MatineeGroups/MAT_Groups_Slomo.uasset" 246
"../../../Engine/Content/EditorMaterials/MatineeGroups/MAT_Groups_Sound.uasset" 247
"../../../Engine/Content/EditorMaterials/MatineeGroups/MAT_Groups_Vector.uasset" 248
"../../../Engine/Content/EditorMaterials/ParticleSystems/PSysThumbnail_NoImage.uasset" 249
"../../../Engine/Content/EditorMaterials/ParticleSystems/PSysThumbnail_OOD.uasset" 250
"../../../Engine/Content/EditorMaterials/Camera/CineMat.uasset" 251
"../../../Engine/Content/EditorMaterials/Camera/MI_CineMat_Rig.uasset" 252
"../../../Engine/Content/EditorMeshes/Camera/SM_CraneRig_Arm.uasset" 253
"../../../Engine/Content/EditorMeshes/Camera/SM_CraneRig_Base.uasset" 254
"../../../Engine/Content/EditorMeshes/Camera/SM_CraneRig_Body.uasset" 255
"../../../Engine/Content/EditorMeshes/Camera/SM_CraneRig_Mount.uasset" 256
"../../../Engine/Content/EditorMeshes/Camera/SM_RailRig_Mount.uasset" 257
"../../../Engine/Content/EditorMeshes/Camera/SM_RailRig_Track.uasset" 258
"../../../Engine/Content/EditorResources/BSPVertex.uasset" 259
"../../../Engine/Content/EditorResources/EmptyActor.uasset" 260
"../../../Engine/Content/EditorResources/S_Actor.uasset" 261
"../../../Engine/Content/EditorResources/S_Note.uasset" 262
"../../../Engine/Content/EditorResources/S_Solver.uasset" 263
"../../../Engine/Content/EditorResources/S_Trigger.uasset" 264
"../../../Engine/Content/EditorResources/LightIcons/S_LightError.uasset" 265
"../../../Engine/Content/EditorResources/SequenceRecorder/Countdown.uasset" 266
"../../../Engine/Content/EditorResources/SequenceRecorder/RecordingIndicator.uasset" 267
"../../../Engine/Content/EditorSounds/Notifications/CompileFailed.uasset" 268
"../../../Engine/Content/EditorSounds/Notifications/CompileFailed_Cue.uasset" 269
"../../../Engine/Content/EditorSounds/Notifications/CompileSuccess.uasset" 270
"../../../Engine/Content/EditorSounds/Notifications/CompileStart_Cue.uasset" 271
"../../../Engine/Content/EditorSounds/Notifications/CompileSuccess_Cue.uasset" 272
"../../../Engine/Content/EngineDamageTypes/DmgTypeBP_Environmental.uasset" 273
"../../../Engine/Content/EngineDebugMaterials/DebugEditorMaterial.uasset" 274
"../../../Engine/Content/EngineDebugMaterials/DebugMeshMaterial.uasset" 275
"../../../Engine/Content/EngineDebugMaterials/M_SimpleUnlitTranslucent.uasset" 276
"../../../Engine/Content/Functions/Engine_MaterialFunctions02/Utility/CameraDirectionVector.uasset" 277
"../../../Engine/Content/EngineDebugMaterials/VolumeToRender.uasset" 278
"../../../Engine/Content/EngineDebugMaterials/M_VolumeRenderSphereTracePP.uasset" 279
"../../../Engine/Content/EngineDebugMaterials/WireframeMaterial.uasset" 280
"../../../Engine/Content/EngineFonts/Faces/DroidSansFallback.uasset" 281
"../../../Engine/Content/EngineFonts/Faces/RobotoBold.uasset" 282
"../../../Engine/Content/EngineFonts/Faces/RobotoBoldItalic.uasset" 283
"../../../Engine/Content/EngineFonts/Faces/RobotoItalic.uasset" 284
"../../../Engine/Content/EngineFonts/Faces/RobotoLight.uasset" 285
"../../../Engine/Content/EngineFonts/Faces/RobotoRegular.uasset" 286
"../../../Engine/Content/EngineFonts/Roboto.uasset" 287
"../../../Engine/Content/EngineMaterials/BaseFlattenDiffuseMap.uasset" 288
"../../../Engine/Content/EngineMaterials/BaseFlattenEmissiveMap.uasset" 289
"../../../Engine/Content/EngineMaterials/BaseFlattenGrayscaleMap.uasset" 290
"../../../Engine/Content/EngineMaterials/BaseFlattenNormalMap.uasset" 291
"../../../Engine/Content/EngineMaterials/BaseFlattenMaterial.uasset" 292
"../../../Engine/Content/EngineMaterials/BlueNoise.uasset" 293
"../../../Engine/Content/EngineMaterials/DefaultBloomKernel.uasset" 294
"../../../Engine/Content/EngineMaterials/DefaultBokeh.uasset" 295
"../../../Engine/Content/EngineMaterials/DefaultDeferredDecalMaterial.uasset" 296
"../../../Engine/Content/EngineMaterials/DefaultLightFunctionMaterial.uasset" 297
"../../../Engine/Content/EngineMaterials/DefaultPhysicalMaterial.uasset" 298
"../../../Engine/Content/Functions/Engine_MaterialFunctions02/Utility/BreakOutFloat2Components.uasset" 299
"../../../Engine/Content/EngineMaterials/DefaultPostProcessMaterial.uasset" 300
"../../../Engine/Content/EngineMaterials/DefaultTextMaterialOpaque.uasset" 301
"../../../Engine/Content/EngineMaterials/DefaultWhiteGrid.uasset" 302
"../../../Engine/Content/EngineMaterials/DefaultWhiteGrid_Low.uasset" 303
"../../../Engine/Content/EngineMaterials/EmissiveMeshMaterial.uasset" 304
"../../../Engine/Content/EngineMaterials/GizmoMaterial.uasset" 305
"../../../Engine/Content/EngineMaterials/Good64x64TilingNoiseHighFreq.uasset" 306
"../../../Engine/Content/EngineMaterials/MiniFont.uasset" 307
"../../../Engine/Content/EngineMaterials/InvalidLightmapSettings.uasset" 308
"../../../Engine/Content/EngineMaterials/M_InvalidLightmapSettings.uasset" 309
"../../../Engine/Content/Functions/Engine_MaterialFunctions02/WorldPositionOffset/CameraOffset.uasset" 310
"../../../Engine/Content/EngineMaterials/PhAT_JointLimitMaterial.uasset" 311
"../../../Engine/Content/EngineMaterials/PreintegratedSkinBRDF.uasset" 312
"../../../Engine/Content/EngineMaterials/RemoveSurfaceMaterial.uasset" 313
"../../../Engine/Content/EngineMaterials/WeightMapPlaceholderTexture.uasset" 314
"../../../Engine/Content/EngineMaterials/Widget3DPassThrough.uasset" 315
"../../../Engine/Content/EngineMaterials/Widget3DPassThrough_Masked.uasset" 316
"../../../Engine/Content/EngineMaterials/Widget3DPassThrough_Opaque.uasset" 317
"../../../Engine/Content/EngineMaterials/Widget3DPassThrough_Masked_OneSided.uasset" 318
"../../../Engine/Content/EngineMaterials/Widget3DPassThrough_Opaque_OneSided.uasset" 319
"../../../Engine/Content/EngineMaterials/Widget3DPassThrough_Translucent.uasset" 320
"../../../Engine/Content/EngineMaterials/Widget3DPassThrough_Translucent_OneSided.uasset" 321
"../../../Engine/Content/EngineMeshes/Cylinder.uasset" 322
"../../../Engine/Content/EngineMeshes/Sphere.uasset" 323
"../../../Engine/Content/EngineResources/Black.uasset" 324
"../../../Engine/Content/EngineResources/DefaultTexture.uasset" 325
"../../../Engine/Content/EngineResources/DefaultTextureCube.uasset" 326
"../../../Engine/Content/EngineResources/DefaultVolumeTexture2D.uasset" 327
"../../../Engine/Content/EngineResources/DefaultVolumeTexture.uasset" 328
"../../../Engine/Content/EngineResources/GradientTexture0.uasset" 329
"../../../Engine/Content/EngineSounds/Master.uasset" 330
"../../../Engine/Content/Functions/Engine_MaterialFunctions01/Shading/ConvertFromDiffSpec.uasset" 331
"../../../Engine/Content/Functions/Engine_MaterialFunctions01/Shading/PowerToRoughness.uasset" 332
"../../../Engine/Content/Maps/Templates/Thumbnails/Default.uasset" 333
"../../../Engine/Content/Maps/Templates/Thumbnails/TimeOfDay.uasset" 334
"../../../Engine/Content/Maps/Templates/Thumbnails/VR-Basic.uasset" 335
"../../../Engine/Content/MobileResources/T_MobileControls_texture.uasset" 336
"../../../Engine/Content/MobileResources/T_MobileMenu2.uasset" 337
"../../../Engine/Content/MobileResources/HUD/AnalogHat.uasset" 338
"../../../Engine/Content/MobileResources/HUD/VirtualJoystick_Background.uasset" 339
"../../../Engine/Content/MobileResources/HUD/VirtualJoystick_Thumb.uasset" 340
"../../../Engine/Content/MobileResources/HUD/DefaultVirtualJoysticks.uasset" 341
"../../../Engine/Content/MobileResources/HUD/LeftVirtualJoystickOnly.uasset" 342
"../../../Engine/Content/MobileResources/HUD/MobileHUDButton1_off.uasset" 343
"../../../Engine/Content/MobileResources/HUD/MobileHUDButton1_on.uasset" 344
"../../../Engine/Content/MobileResources/HUD/MobileHUDButton2_off.uasset" 345
"../../../Engine/Content/MobileResources/HUD/MobileHUDButton2_on.uasset" 346
"../../../Engine/Content/MobileResources/HUD/MobileHUDButton3.uasset" 347
"../../../Engine/Content/MobileResources/HUD/MobileHUDButtonFire.uasset" 348
"../../../Engine/Content/MobileResources/HUD/MobileHUDDirectionPad.uasset" 349
"../../../Engine/Content/MobileResources/HUD/MobileHUDDirectionPad2.uasset" 350
"../../../Engine/Content/MobileResources/HUD/MobileHUDDirectionPad3.uasset" 351
"../../../Engine/Content/MobileResources/HUD/MobileHUDDirectionStick.uasset" 352
"../../../Engine/Content/MobileResources/HUD/T_Castle_ThumbstickInner.uasset" 353
"../../../Engine/Content/MobileResources/HUD/T_Castle_ThumbstickOutter.uasset" 354
"../../../Engine/Content/Tutorial/ContentIntroCurve.uasset" 355
"../../../Engine/Content/Tutorial/Basics/LevelEditorAttract.uasset" 356
"../../../Engine/Content/VREditor/LaserPointer/VR_LaserPower_01.uasset" 357
"../../../Engine/Content/VREditor/TransformGizmo/TransformGizmoMaterial.uasset" 358
"../../../Engine/Content/VREditor/TransformGizmo/TranslucentTransformGizmoMaterial.uasset" 359
"../../../Engine/Content/VREditor/TransformGizmo/BoundingBoxCorner.uasset" 360
"../../../Engine/Content/VREditor/TransformGizmo/BoundingBoxEdge.uasset" 361
"../../../Engine/Content/VREditor/TransformGizmo/PlaneTranslationHandle.uasset" 362
"../../../Engine/Content/VREditor/TransformGizmo/Main.uasset" 363
"../../../Engine/Content/VREditor/TransformGizmo/Xray.uasset" 364
"../../../Engine/Content/VREditor/TransformGizmo/SM_Sequencer_Key.uasset" 365
"../../../Engine/Content/VREditor/TransformGizmo/SM_Sequencer_Node.uasset" 366
"../../Plugins/2D/Paper2D/Content/PlaceholderTextures/DummySpriteTexture.uasset" 367
"../../Plugins/2D/Paper2D/Content/DummySprite.uasset" 368
"../../Plugins/2D/Paper2D/Content/DefaultPaperTerrainMaterial.uasset" 369
"../../Plugins/2D/Paper2D/Content/DefaultSpriteMaterial.uasset" 370
"../../Plugins/2D/Paper2D/Content/MaskedUnlitSpriteMaterial.uasset" 371
"../../Plugins/2D/Paper2D/Content/OpaqueUnlitSpriteMaterial.uasset" 372
"../../Plugins/FX/Niagara/Content/Enums/ENiagaraBooleanLogicOps.uasset" 373
"../../Plugins/FX/Niagara/Content/Enums/ENiagaraCoordinateSpace.uasset" 374
"../../Plugins/FX/Niagara/Content/Enums/ENiagaraExpansionMode.uasset" 375
"../../Plugins/FX/Niagara/Content/Enums/ENiagaraOrientationAxis.uasset" 376
"../../Plugins/FX/Niagara/Content/Enums/ENiagaraRandomnessMode.uasset" 377
"../../../Engine/Content/Functions/Engine_MaterialFunctions02/Utility/BreakOutFloat4Components.uasset" 378
"../../../Engine/Content/Functions/Engine_MaterialFunctions02/Utility/MakeFloat2.uasset" 379
"../../../Engine/Content/Functions/Engine_MaterialFunctions02/Utility/MakeFloat3.uasset" 380
"../../Plugins/Runtime/Oculus/OculusVR/Content/Materials/OculusMR_ChromaKey.uasset" 381
"../../Plugins/Runtime/Oculus/OculusVR/Content/Materials/OculusMR_ChromaKey_Lit.uasset" 382
"../../Plugins/Runtime/Oculus/OculusVR/Content/Materials/OculusMR_OpaqueColoredMaterial.uasset" 383
"../../Plugins/Runtime/Oculus/OculusVR/Content/Materials/OculusMR_WhiteMaterial.uasset" 384
"../../../../../../Users/esewi/Documents/Staffs Year 2/Advanced 3D Engines and Scripting/Semester 2/Framework/AdvancedSemester2/Content/Framework_Blueprints/Characters/BP_DummyEnemy.uasset" 385
"../../../Engine/Content/EngineSky/C_Sky_Cloud_Color.uasset" 386
"../../../Engine/Content/EngineSky/C_Sky_Horizon_Color.uasset" 387
"../../../Engine/Content/EngineSky/C_Sky_Zenith_Color.uasset" 388
"../../../Engine/Content/EngineSky/T_Sky_Blue.uasset" 389
"../../../Engine/Content/EngineSky/T_Sky_Clouds_M.uasset" 390
"../../../Engine/Content/EngineSky/T_Sky_Stars.uasset" 391
"../../../Engine/Content/EngineSky/M_Sky_Panning_Clouds2.uasset" 392
"../../../Engine/Content/EngineSky/SM_SkySphere.uasset" 393
"../../../Engine/Content/EngineSky/BP_Sky_Sphere.uasset" 394
"../../../Engine/Content/BasicShapes/Sphere.uasset" 395
"../../../../../../Users/esewi/Documents/Staffs Year 2/Advanced 3D Engines and Scripting/Semester 2/Framework/AdvancedSemester2/Content/Framework_Blueprints/Pickups/AmmoLargePickup.uasset" 396
"../../../../../../Users/esewi/Documents/Staffs Year 2/Advanced 3D Engines and Scripting/Semester 2/Framework/AdvancedSemester2/Content/Framework_Blueprints/Pickups/AmmoPickup.uasset" 397
"../../../../../../Users/esewi/Documents/Staffs Year 2/Advanced 3D Engines and Scripting/Semester 2/Framework/AdvancedSemester2/Content/ArtAssets/Healthpickup.uasset" 398
"../../../../../../Users/esewi/Documents/Staffs Year 2/Advanced 3D Engines and Scripting/Semester 2/Framework/AdvancedSemester2/Content/Framework_Blueprints/Pickups/HealthPickup.uasset" 399
"../../../../../../Users/esewi/Documents/Staffs Year 2/Advanced 3D Engines and Scripting/Semester 2/Framework/AdvancedSemester2/Content/Framework_Blueprints/Pickups/HealthPickupLarge.uasset" 400
"../../../../../../Users/esewi/Documents/Staffs Year 2/Advanced 3D Engines and Scripting/Semester 2/Framework/AdvancedSemester2/Content/Audio/FireRapid.uasset" 401
"../../../../../../Users/esewi/Documents/Staffs Year 2/Advanced 3D Engines and Scripting/Semester 2/Framework/AdvancedSemester2/Content/Framework_Blueprints/Weapons/Weapon_DoubleShot.uasset" 402
"../../../../../../Users/esewi/Documents/Staffs Year 2/Advanced 3D Engines and Scripting/Semester 2/Framework/AdvancedSemester2/Content/Framework_Blueprints/Weapons/Weapon_Scattergun.uasset" 403
"../../../../../../Users/esewi/Documents/Staffs Year 2/Advanced 3D Engines and Scripting/Semester 2/Framework/AdvancedSemester2/Content/Maps/TestArea_BuiltData.uasset" 404
"../../../../../../Users/esewi/Documents/Staffs Year 2/Advanced 3D Engines and Scripting/Semester 2/Framework/AdvancedSemester2/Content/Materials/MI_FloorGrid.uasset" 405
"../../../../../../Users/esewi/Documents/Staffs Year 2/Advanced 3D Engines and Scripting/Semester 2/Framework/AdvancedSemester2/Content/Maps/TestArea.umap" 406
"../../../../../../Users/esewi/Documents/Staffs Year 2/Advanced 3D Engines and Scripting/Semester 2/Framework/AdvancedSemester2/Content/Student/Blueprint/Gameplay/KTH/SurfaceCollider.uasset" 407
"../../../../../../Users/esewi/Documents/Staffs Year 2/Advanced 3D Engines and Scripting/Semester 2/Framework/AdvancedSemester2/Content/Student/Blueprint/Gameplay/ZombieSurvival/BP_RandomShop.uasset" 408
"../../../../../../Users/esewi/Documents/Staffs Year 2/Advanced 3D Engines and Scripting/Semester 2/Framework/AdvancedSemester2/Content/Student/Blueprint/Props/BP_RingLight.uasset" 409
"../../../../../../Users/esewi/Documents/Staffs Year 2/Advanced 3D Engines and Scripting/Semester 2/Framework/AdvancedSemester2/Content/Student/Assets/Materials/M_ArenaLightDim.uasset" 410
"../../../../../../Users/esewi/Documents/Staffs Year 2/Advanced 3D Engines and Scripting/Semester 2/Framework/AdvancedSemester2/Content/ArtAssets/1M_Cube.uasset" 411
"../../../../../../Users/esewi/Documents/Staffs Year 2/Advanced 3D Engines and Scripting/Semester 2/Framework/AdvancedSemester2/Content/Student/Blueprint/Props/BP_WallLight.uasset" 412
"../../../../../../Users/esewi/Documents/Staffs Year 2/Advanced 3D Engines and Scripting/Semester 2/Framework/AdvancedSemester2/Content/Student/Maps/Arena_BuiltData.uasset" 413
"../../../../../../Users/esewi/Documents/Staffs Year 2/Advanced 3D Engines and Scripting/Semester 2/Framework/AdvancedSemester2/Content/Student/Maps/Arena.umap" 414
"../../../../../../Users/esewi/Documents/Staffs Year 2/Advanced 3D Engines and Scripting/Semester 2/Framework/AdvancedSemester2/Content/Student/Blueprint/Interfaces/BPI_ScoreScreen.uasset" 415
"../../../../../../Users/esewi/Documents/Staffs Year 2/Advanced 3D Engines and Scripting/Semester 2/Framework/AdvancedSemester2/Content/Student/Blueprint/Widgets/BPW_ScoreScreenWidget.uasset" 416
"../../../../../../Users/esewi/Documents/Staffs Year 2/Advanced 3D Engines and Scripting/Semester 2/Framework/AdvancedSemester2/Content/Student/Blueprint/Props/BP_Playermannequin.uasset" 417
"../../../../../../Users/esewi/Documents/Staffs Year 2/Advanced 3D Engines and Scripting/Semester 2/Framework/AdvancedSemester2/Content/Student/Blueprint/Props/BP_VariableRingLight.uasset" 418
"../../../../../../Users/esewi/Documents/Staffs Year 2/Advanced 3D Engines and Scripting/Semester 2/Framework/AdvancedSemester2/Content/Student/Blueprint/GameManagers/BP_ScoreLevelManager.uasset" 419
"../../../../../../Users/esewi/Documents/Staffs Year 2/Advanced 3D Engines and Scripting/Semester 2/Framework/AdvancedSemester2/Content/Student/Blueprint/Data/E_MainMenus.uasset" 420
"../../../../../../Users/esewi/Documents/Staffs Year 2/Advanced 3D Engines and Scripting/Semester 2/Framework/AdvancedSemester2/Content/Student/Assets/Images/Controls.uasset" 421
"../../../../../../Users/esewi/Documents/Staffs Year 2/Advanced 3D Engines and Scripting/Semester 2/Framework/AdvancedSemester2/Content/Student/Assets/SFX/ButtonClicks.uasset" 422
"../../../../../../Users/esewi/Documents/Staffs Year 2/Advanced 3D Engines and Scripting/Semester 2/Framework/AdvancedSemester2/Content/Student/Blueprint/Widgets/BPW_MainMenu.uasset" 423
"../../../../../../Users/esewi/Documents/Staffs Year 2/Advanced 3D Engines and Scripting/Semester 2/Framework/AdvancedSemester2/Content/Student/Blueprint/GameModes/GM_MainMenu.uasset" 424
"../../../../../../Users/esewi/Documents/Staffs Year 2/Advanced 3D Engines and Scripting/Semester 2/Framework/AdvancedSemester2/Content/Student/Maps/MainMenu_BuiltData.uasset" 425
"../../../../../../Users/esewi/Documents/Staffs Year 2/Advanced 3D Engines and Scripting/Semester 2/Framework/AdvancedSemester2/Content/Student/Maps/MainMenu.umap" 426
"../../../../../../Users/esewi/Documents/Staffs Year 2/Advanced 3D Engines and Scripting/Semester 2/Framework/AdvancedSemester2/Content/Student/Blueprint/Data/E_ScoreScreenStates.uasset" 427
"../../../../../../Users/esewi/Documents/Staffs Year 2/Advanced 3D Engines and Scripting/Semester 2/Framework/AdvancedSemester2/Content/Student/Blueprint/Widgets/BPW_ScoreScreen.uasset" 428
"../../../../../../Users/esewi/Documents/Staffs Year 2/Advanced 3D Engines and Scripting/Semester 2/Framework/AdvancedSemester2/Content/Student/Blueprint/GameModes/GM_ScoreScene.uasset" 429
"../../../../../../Users/esewi/Documents/Staffs Year 2/Advanced 3D Engines and Scripting/Semester 2/Framework/AdvancedSemester2/Content/Student/Maps/ScoreScreen_BuiltData.uasset" 430
"../../../../../../Users/esewi/Documents/Staffs Year 2/Advanced 3D Engines and Scripting/Semester 2/Framework/AdvancedSemester2/Content/Student/Maps/ScoreScreen.umap" 431
"../../../Engine/Content/Maps/Entry_BuiltData.uasset" 432
"../../../Engine/Content/Maps/Entry.umap" 433
